  Minecraft.cpp
jvm.obj : warning LNK4006: "struct _jvmtiEnv * jvm::jvenv" (?jvenv@jvm@@3PEAU_jvmtiEnv@@EA) already defined in dllmain.obj; second definition ignored
jvm.obj : warning LNK4006: "bool jvm::AlreadyCheckedForge" (?AlreadyCheckedForge@jvm@@3_NA) already defined in dllmain.obj; second definition ignored
jvm.obj : warning LNK4006: "bool jvm::isLunar" (?isLunar@jvm@@3_NA) already defined in dllmain.obj; second definition ignored
jvm.obj : warning LNK4006: "bool jvm::IsForgeExisting" (?IsForgeExisting@jvm@@3_NA) already defined in dllmain.obj; second definition ignored
classes.obj : warning LNK4006: "struct _jvmtiEnv * jvm::jvenv" (?jvenv@jvm@@3PEAU_jvmtiEnv@@EA) already defined in dllmain.obj; second definition ignored
classes.obj : warning LNK4006: "bool jvm::AlreadyCheckedForge" (?AlreadyCheckedForge@jvm@@3_NA) already defined in dllmain.obj; second definition ignored
classes.obj : warning LNK4006: "bool jvm::isLunar" (?isLunar@jvm@@3_NA) already defined in dllmain.obj; second definition ignored
classes.obj : warning LNK4006: "bool jvm::IsForgeExisting" (?IsForgeExisting@jvm@@3_NA) already defined in dllmain.obj; second definition ignored
Minecraft.obj : warning LNK4006: "struct _jvmtiEnv * jvm::jvenv" (?jvenv@jvm@@3PEAU_jvmtiEnv@@EA) already defined in dllmain.obj; second definition ignored
Minecraft.obj : warning LNK4006: "bool jvm::AlreadyCheckedForge" (?AlreadyCheckedForge@jvm@@3_NA) already defined in dllmain.obj; second definition ignored
Minecraft.obj : warning LNK4006: "bool jvm::isLunar" (?isLunar@jvm@@3_NA) already defined in dllmain.obj; second definition ignored
Minecraft.obj : warning LNK4006: "bool jvm::IsForgeExisting" (?IsForgeExisting@jvm@@3_NA) already defined in dllmain.obj; second definition ignored
C:\Users\SnowDev\source\repos\Celeste\x64\Release\Celeste.dll : warning LNK4088: image being generated due to /FORCE option; image may not run
  Generating code
  2 of 107 functions ( 1.9%) were compiled, the rest were copied from previous compilation.
    0 functions were new in current compilation
    5 functions had inline decision re-evaluated but remain unchanged
  Finished generating code
  Celeste.vcxproj -> C:\Users\SnowDev\source\repos\Celeste\x64\Release\Celeste.dll
